INFO - 2024-05-14 15:33:49 --> Session: Class initialized using 'CodeIgniter\Session\Handlers\FileHandler' driver.
CRITICAL - 2024-05-14 15:33:52 --> Error: Call to undefined method App\Services\AreasService::GetAreas()
[Method: GET, Route: Areas/GetAreas]
in APPPATH\Controllers\AreasController.php on line 53.
 1 SYSTEMPATH\CodeIgniter.php(933): App\Controllers\AreasController->GetAreas()
 2 SYSTEMPATH\CodeIgniter.php(509): CodeIgniter\CodeIgniter->runController(Object(App\Controllers\AreasController))
 3 SYSTEMPATH\CodeIgniter.php(355): CodeIgniter\CodeIgniter->handleRequest(null, Object(Config\Cache), false)
 4 SYSTEMPATH\Boot.php(312): CodeIgniter\CodeIgniter->run()
 5 SYSTEMPATH\Boot.php(67): CodeIgniter\Boot::runCodeIgniter(Object(CodeIgniter\CodeIgniter))
 6 FCPATH\index.php(56): CodeIgniter\Boot::bootWeb(Object(Config\Paths))
INFO - 2024-05-14 16:18:38 --> Session: Class initialized using 'CodeIgniter\Session\Handlers\FileHandler' driver.
INFO - 2024-05-14 16:18:56 --> Session: Class initialized using 'CodeIgniter\Session\Handlers\FileHandler' driver.
INFO - 2024-05-14 16:20:07 --> Session: Class initialized using 'CodeIgniter\Session\Handlers\FileHandler' driver.
INFO - 2024-05-14 16:29:07 --> Session: Class initialized using 'CodeIgniter\Session\Handlers\FileHandler' driver.
INFO - 2024-05-14 16:32:30 --> Session: Class initialized using 'CodeIgniter\Session\Handlers\FileHandler' driver.
INFO - 2024-05-14 16:46:13 --> Session: Class initialized using 'CodeIgniter\Session\Handlers\FileHandler' driver.
INFO - 2024-05-14 17:12:40 --> Session: Class initialized using 'CodeIgniter\Session\Handlers\FileHandler' driver.
INFO - 2024-05-14 17:12:55 --> Session: Class initialized using 'CodeIgniter\Session\Handlers\FileHandler' driver.
INFO - 2024-05-14 17:13:01 --> Session: Class initialized using 'CodeIgniter\Session\Handlers\FileHandler' driver.
INFO - 2024-05-14 17:22:24 --> Session: Class initialized using 'CodeIgniter\Session\Handlers\FileHandler' driver.
INFO - 2024-05-14 17:22:28 --> Session: Class initialized using 'CodeIgniter\Session\Handlers\FileHandler' driver.
INFO - 2024-05-14 17:23:04 --> Session: Class initialized using 'CodeIgniter\Session\Handlers\FileHandler' driver.
INFO - 2024-05-14 17:26:58 --> Session: Class initialized using 'CodeIgniter\Session\Handlers\FileHandler' driver.
INFO - 2024-05-14 17:30:37 --> Session: Class initialized using 'CodeIgniter\Session\Handlers\FileHandler' driver.
INFO - 2024-05-14 17:31:02 --> Session: Class initialized using 'CodeIgniter\Session\Handlers\FileHandler' driver.
INFO - 2024-05-14 17:31:07 --> Session: Class initialized using 'CodeIgniter\Session\Handlers\FileHandler' driver.
INFO - 2024-05-14 17:31:19 --> Session: Class initialized using 'CodeIgniter\Session\Handlers\FileHandler' driver.
INFO - 2024-05-14 17:31:23 --> Session: Class initialized using 'CodeIgniter\Session\Handlers\FileHandler' driver.
INFO - 2024-05-14 17:33:58 --> Session: Class initialized using 'CodeIgniter\Session\Handlers\FileHandler' driver.
INFO - 2024-05-14 17:53:10 --> Session: Class initialized using 'CodeIgniter\Session\Handlers\FileHandler' driver.
INFO - 2024-05-14 17:54:45 --> Session: Class initialized using 'CodeIgniter\Session\Handlers\FileHandler' driver.
INFO - 2024-05-14 17:54:57 --> Session: Class initialized using 'CodeIgniter\Session\Handlers\FileHandler' driver.
INFO - 2024-05-14 17:55:08 --> Session: Class initialized using 'CodeIgniter\Session\Handlers\FileHandler' driver.
INFO - 2024-05-14 17:55:41 --> Session: Class initialized using 'CodeIgniter\Session\Handlers\FileHandler' driver.
INFO - 2024-05-14 19:07:48 --> Session: Class initialized using 'CodeIgniter\Session\Handlers\FileHandler' driver.
INFO - 2024-05-14 19:13:09 --> Session: Class initialized using 'CodeIgniter\Session\Handlers\FileHandler' driver.
INFO - 2024-05-14 19:15:28 --> Session: Class initialized using 'CodeIgniter\Session\Handlers\FileHandler' driver.
INFO - 2024-05-14 19:15:59 --> Session: Class initialized using 'CodeIgniter\Session\Handlers\FileHandler' driver.
INFO - 2024-05-14 19:21:45 --> Session: Class initialized using 'CodeIgniter\Session\Handlers\FileHandler' driver.
INFO - 2024-05-14 19:22:41 --> Session: Class initialized using 'CodeIgniter\Session\Handlers\FileHandler' driver.
INFO - 2024-05-14 19:23:04 --> Session: Class initialized using 'CodeIgniter\Session\Handlers\FileHandler' driver.
CRITICAL - 2024-05-14 21:00:35 --> Error: Class "App\Services\PerfilesService" not found
[Method: GET, Route: Perfiles/Nuevo]
in APPPATH\Controllers\PerfilesController.php on line 10.
 1 SYSTEMPATH\CodeIgniter.php(903): App\Controllers\PerfilesController->__construct()
 2 SYSTEMPATH\CodeIgniter.php(500): CodeIgniter\CodeIgniter->createController()
 3 SYSTEMPATH\CodeIgniter.php(355): CodeIgniter\CodeIgniter->handleRequest(null, Object(Config\Cache), false)
 4 SYSTEMPATH\Boot.php(312): CodeIgniter\CodeIgniter->run()
 5 SYSTEMPATH\Boot.php(67): CodeIgniter\Boot::runCodeIgniter(Object(CodeIgniter\CodeIgniter))
 6 FCPATH\index.php(56): CodeIgniter\Boot::bootWeb(Object(Config\Paths))
INFO - 2024-05-14 21:02:30 --> Session: Class initialized using 'CodeIgniter\Session\Handlers\FileHandler' driver.
INFO - 2024-05-14 21:34:35 --> Session: Class initialized using 'CodeIgniter\Session\Handlers\FileHandler' driver.
CRITICAL - 2024-05-14 21:34:38 --> ErrorException: Undefined array key "perfiles"
[Method: GET, Route: Perfiles/GetPerfiles]
in APPPATH\Controllers\PerfilesController.php on line 53.
 1 APPPATH\Controllers\PerfilesController.php(53): CodeIgniter\Debug\Exceptions->errorHandler(2, 'Undefined array key "perfiles"', 'C:\\xampp\\htdocs\\nuevo_siprodet\\app\\Controllers\\PerfilesController.php', 53)
 2 SYSTEMPATH\CodeIgniter.php(933): App\Controllers\PerfilesController->GetPerfiles()
 3 SYSTEMPATH\CodeIgniter.php(509): CodeIgniter\CodeIgniter->runController(Object(App\Controllers\PerfilesController))
 4 SYSTEMPATH\CodeIgniter.php(355): CodeIgniter\CodeIgniter->handleRequest(null, Object(Config\Cache), false)
 5 SYSTEMPATH\Boot.php(312): CodeIgniter\CodeIgniter->run()
 6 SYSTEMPATH\Boot.php(67): CodeIgniter\Boot::runCodeIgniter(Object(CodeIgniter\CodeIgniter))
 7 FCPATH\index.php(56): CodeIgniter\Boot::bootWeb(Object(Config\Paths))
INFO - 2024-05-14 21:34:39 --> Session: Class initialized using 'CodeIgniter\Session\Handlers\FileHandler' driver.
INFO - 2024-05-14 21:34:44 --> Session: Class initialized using 'CodeIgniter\Session\Handlers\FileHandler' driver.
INFO - 2024-05-14 21:34:49 --> Session: Class initialized using 'CodeIgniter\Session\Handlers\FileHandler' driver.
CRITICAL - 2024-05-14 21:34:52 --> ErrorException: Undefined array key "perfiles"
[Method: GET, Route: Perfiles/GetPerfiles]
in APPPATH\Controllers\PerfilesController.php on line 53.
 1 APPPATH\Controllers\PerfilesController.php(53): CodeIgniter\Debug\Exceptions->errorHandler(2, 'Undefined array key "perfiles"', 'C:\\xampp\\htdocs\\nuevo_siprodet\\app\\Controllers\\PerfilesController.php', 53)
 2 SYSTEMPATH\CodeIgniter.php(933): App\Controllers\PerfilesController->GetPerfiles()
 3 SYSTEMPATH\CodeIgniter.php(509): CodeIgniter\CodeIgniter->runController(Object(App\Controllers\PerfilesController))
 4 SYSTEMPATH\CodeIgniter.php(355): CodeIgniter\CodeIgniter->handleRequest(null, Object(Config\Cache), false)
 5 SYSTEMPATH\Boot.php(312): CodeIgniter\CodeIgniter->run()
 6 SYSTEMPATH\Boot.php(67): CodeIgniter\Boot::runCodeIgniter(Object(CodeIgniter\CodeIgniter))
 7 FCPATH\index.php(56): CodeIgniter\Boot::bootWeb(Object(Config\Paths))
INFO - 2024-05-14 21:35:07 --> Session: Class initialized using 'CodeIgniter\Session\Handlers\FileHandler' driver.
CRITICAL - 2024-05-14 21:35:10 --> ErrorException: Undefined array key "perfiles"
[Method: GET, Route: Perfiles/GetPerfiles]
in APPPATH\Controllers\PerfilesController.php on line 53.
 1 APPPATH\Controllers\PerfilesController.php(53): CodeIgniter\Debug\Exceptions->errorHandler(2, 'Undefined array key "perfiles"', 'C:\\xampp\\htdocs\\nuevo_siprodet\\app\\Controllers\\PerfilesController.php', 53)
 2 SYSTEMPATH\CodeIgniter.php(933): App\Controllers\PerfilesController->GetPerfiles()
 3 SYSTEMPATH\CodeIgniter.php(509): CodeIgniter\CodeIgniter->runController(Object(App\Controllers\PerfilesController))
 4 SYSTEMPATH\CodeIgniter.php(355): CodeIgniter\CodeIgniter->handleRequest(null, Object(Config\Cache), false)
 5 SYSTEMPATH\Boot.php(312): CodeIgniter\CodeIgniter->run()
 6 SYSTEMPATH\Boot.php(67): CodeIgniter\Boot::runCodeIgniter(Object(CodeIgniter\CodeIgniter))
 7 FCPATH\index.php(56): CodeIgniter\Boot::bootWeb(Object(Config\Paths))
INFO - 2024-05-14 21:42:01 --> Session: Class initialized using 'CodeIgniter\Session\Handlers\FileHandler' driver.
CRITICAL - 2024-05-14 21:42:04 --> ErrorException: Undefined array key "perfiles"
[Method: GET, Route: Perfiles/GetPerfiles]
in APPPATH\Controllers\PerfilesController.php on line 53.
 1 APPPATH\Controllers\PerfilesController.php(53): CodeIgniter\Debug\Exceptions->errorHandler(2, 'Undefined array key "perfiles"', 'C:\\xampp\\htdocs\\nuevo_siprodet\\app\\Controllers\\PerfilesController.php', 53)
 2 SYSTEMPATH\CodeIgniter.php(933): App\Controllers\PerfilesController->GetPerfiles()
 3 SYSTEMPATH\CodeIgniter.php(509): CodeIgniter\CodeIgniter->runController(Object(App\Controllers\PerfilesController))
 4 SYSTEMPATH\CodeIgniter.php(355): CodeIgniter\CodeIgniter->handleRequest(null, Object(Config\Cache), false)
 5 SYSTEMPATH\Boot.php(312): CodeIgniter\CodeIgniter->run()
 6 SYSTEMPATH\Boot.php(67): CodeIgniter\Boot::runCodeIgniter(Object(CodeIgniter\CodeIgniter))
 7 FCPATH\index.php(56): CodeIgniter\Boot::bootWeb(Object(Config\Paths))
INFO - 2024-05-14 21:42:11 --> Session: Class initialized using 'CodeIgniter\Session\Handlers\FileHandler' driver.
CRITICAL - 2024-05-14 21:42:14 --> ErrorException: Undefined array key "perfiles"
[Method: GET, Route: Perfiles/GetPerfiles]
in APPPATH\Controllers\PerfilesController.php on line 53.
 1 APPPATH\Controllers\PerfilesController.php(53): CodeIgniter\Debug\Exceptions->errorHandler(2, 'Undefined array key "perfiles"', 'C:\\xampp\\htdocs\\nuevo_siprodet\\app\\Controllers\\PerfilesController.php', 53)
 2 SYSTEMPATH\CodeIgniter.php(933): App\Controllers\PerfilesController->GetPerfiles()
 3 SYSTEMPATH\CodeIgniter.php(509): CodeIgniter\CodeIgniter->runController(Object(App\Controllers\PerfilesController))
 4 SYSTEMPATH\CodeIgniter.php(355): CodeIgniter\CodeIgniter->handleRequest(null, Object(Config\Cache), false)
 5 SYSTEMPATH\Boot.php(312): CodeIgniter\CodeIgniter->run()
 6 SYSTEMPATH\Boot.php(67): CodeIgniter\Boot::runCodeIgniter(Object(CodeIgniter\CodeIgniter))
 7 FCPATH\index.php(56): CodeIgniter\Boot::bootWeb(Object(Config\Paths))
INFO - 2024-05-14 21:42:19 --> Session: Class initialized using 'CodeIgniter\Session\Handlers\FileHandler' driver.
CRITICAL - 2024-05-14 21:42:22 --> ErrorException: Undefined array key "perfiles"
[Method: GET, Route: Perfiles/GetPerfiles]
in APPPATH\Controllers\PerfilesController.php on line 53.
 1 APPPATH\Controllers\PerfilesController.php(53): CodeIgniter\Debug\Exceptions->errorHandler(2, 'Undefined array key "perfiles"', 'C:\\xampp\\htdocs\\nuevo_siprodet\\app\\Controllers\\PerfilesController.php', 53)
 2 SYSTEMPATH\CodeIgniter.php(933): App\Controllers\PerfilesController->GetPerfiles()
 3 SYSTEMPATH\CodeIgniter.php(509): CodeIgniter\CodeIgniter->runController(Object(App\Controllers\PerfilesController))
 4 SYSTEMPATH\CodeIgniter.php(355): CodeIgniter\CodeIgniter->handleRequest(null, Object(Config\Cache), false)
 5 SYSTEMPATH\Boot.php(312): CodeIgniter\CodeIgniter->run()
 6 SYSTEMPATH\Boot.php(67): CodeIgniter\Boot::runCodeIgniter(Object(CodeIgniter\CodeIgniter))
 7 FCPATH\index.php(56): CodeIgniter\Boot::bootWeb(Object(Config\Paths))
INFO - 2024-05-14 21:47:05 --> Session: Class initialized using 'CodeIgniter\Session\Handlers\FileHandler' driver.
CRITICAL - 2024-05-14 21:47:08 --> ErrorException: Undefined array key "perfiles"
[Method: GET, Route: Perfiles/GetPerfiles]
in APPPATH\Controllers\PerfilesController.php on line 53.
 1 APPPATH\Controllers\PerfilesController.php(53): CodeIgniter\Debug\Exceptions->errorHandler(2, 'Undefined array key "perfiles"', 'C:\\xampp\\htdocs\\nuevo_siprodet\\app\\Controllers\\PerfilesController.php', 53)
 2 SYSTEMPATH\CodeIgniter.php(933): App\Controllers\PerfilesController->GetPerfiles()
 3 SYSTEMPATH\CodeIgniter.php(509): CodeIgniter\CodeIgniter->runController(Object(App\Controllers\PerfilesController))
 4 SYSTEMPATH\CodeIgniter.php(355): CodeIgniter\CodeIgniter->handleRequest(null, Object(Config\Cache), false)
 5 SYSTEMPATH\Boot.php(312): CodeIgniter\CodeIgniter->run()
 6 SYSTEMPATH\Boot.php(67): CodeIgniter\Boot::runCodeIgniter(Object(CodeIgniter\CodeIgniter))
 7 FCPATH\index.php(56): CodeIgniter\Boot::bootWeb(Object(Config\Paths))
INFO - 2024-05-14 21:47:19 --> Session: Class initialized using 'CodeIgniter\Session\Handlers\FileHandler' driver.
CRITICAL - 2024-05-14 21:47:22 --> ErrorException: Undefined array key "perfiles"
[Method: GET, Route: Perfiles/GetPerfiles]
in APPPATH\Controllers\PerfilesController.php on line 53.
 1 APPPATH\Controllers\PerfilesController.php(53): CodeIgniter\Debug\Exceptions->errorHandler(2, 'Undefined array key "perfiles"', 'C:\\xampp\\htdocs\\nuevo_siprodet\\app\\Controllers\\PerfilesController.php', 53)
 2 SYSTEMPATH\CodeIgniter.php(933): App\Controllers\PerfilesController->GetPerfiles()
 3 SYSTEMPATH\CodeIgniter.php(509): CodeIgniter\CodeIgniter->runController(Object(App\Controllers\PerfilesController))
 4 SYSTEMPATH\CodeIgniter.php(355): CodeIgniter\CodeIgniter->handleRequest(null, Object(Config\Cache), false)
 5 SYSTEMPATH\Boot.php(312): CodeIgniter\CodeIgniter->run()
 6 SYSTEMPATH\Boot.php(67): CodeIgniter\Boot::runCodeIgniter(Object(CodeIgniter\CodeIgniter))
 7 FCPATH\index.php(56): CodeIgniter\Boot::bootWeb(Object(Config\Paths))
INFO - 2024-05-14 21:47:24 --> Session: Class initialized using 'CodeIgniter\Session\Handlers\FileHandler' driver.
CRITICAL - 2024-05-14 21:47:27 --> ErrorException: Undefined array key "perfiles"
[Method: GET, Route: Perfiles/GetPerfiles]
in APPPATH\Controllers\PerfilesController.php on line 53.
 1 APPPATH\Controllers\PerfilesController.php(53): CodeIgniter\Debug\Exceptions->errorHandler(2, 'Undefined array key "perfiles"', 'C:\\xampp\\htdocs\\nuevo_siprodet\\app\\Controllers\\PerfilesController.php', 53)
 2 SYSTEMPATH\CodeIgniter.php(933): App\Controllers\PerfilesController->GetPerfiles()
 3 SYSTEMPATH\CodeIgniter.php(509): CodeIgniter\CodeIgniter->runController(Object(App\Controllers\PerfilesController))
 4 SYSTEMPATH\CodeIgniter.php(355): CodeIgniter\CodeIgniter->handleRequest(null, Object(Config\Cache), false)
 5 SYSTEMPATH\Boot.php(312): CodeIgniter\CodeIgniter->run()
 6 SYSTEMPATH\Boot.php(67): CodeIgniter\Boot::runCodeIgniter(Object(CodeIgniter\CodeIgniter))
 7 FCPATH\index.php(56): CodeIgniter\Boot::bootWeb(Object(Config\Paths))
INFO - 2024-05-14 21:50:34 --> Session: Class initialized using 'CodeIgniter\Session\Handlers\FileHandler' driver.
CRITICAL - 2024-05-14 21:50:37 --> ErrorException: Undefined array key "perfiles"
[Method: GET, Route: Perfiles/GetPerfiles]
in APPPATH\Controllers\PerfilesController.php on line 53.
 1 APPPATH\Controllers\PerfilesController.php(53): CodeIgniter\Debug\Exceptions->errorHandler(2, 'Undefined array key "perfiles"', 'C:\\xampp\\htdocs\\nuevo_siprodet\\app\\Controllers\\PerfilesController.php', 53)
 2 SYSTEMPATH\CodeIgniter.php(933): App\Controllers\PerfilesController->GetPerfiles()
 3 SYSTEMPATH\CodeIgniter.php(509): CodeIgniter\CodeIgniter->runController(Object(App\Controllers\PerfilesController))
 4 SYSTEMPATH\CodeIgniter.php(355): CodeIgniter\CodeIgniter->handleRequest(null, Object(Config\Cache), false)
 5 SYSTEMPATH\Boot.php(312): CodeIgniter\CodeIgniter->run()
 6 SYSTEMPATH\Boot.php(67): CodeIgniter\Boot::runCodeIgniter(Object(CodeIgniter\CodeIgniter))
 7 FCPATH\index.php(56): CodeIgniter\Boot::bootWeb(Object(Config\Paths))
INFO - 2024-05-14 21:50:40 --> Session: Class initialized using 'CodeIgniter\Session\Handlers\FileHandler' driver.
INFO - 2024-05-14 21:50:45 --> Session: Class initialized using 'CodeIgniter\Session\Handlers\FileHandler' driver.
INFO - 2024-05-14 21:50:46 --> Session: Class initialized using 'CodeIgniter\Session\Handlers\FileHandler' driver.
INFO - 2024-05-14 21:50:53 --> Session: Class initialized using 'CodeIgniter\Session\Handlers\FileHandler' driver.
INFO - 2024-05-14 21:50:56 --> Session: Class initialized using 'CodeIgniter\Session\Handlers\FileHandler' driver.
CRITICAL - 2024-05-14 21:50:59 --> ErrorException: Undefined array key "perfiles"
[Method: GET, Route: Perfiles/GetPerfiles]
in APPPATH\Controllers\PerfilesController.php on line 53.
 1 APPPATH\Controllers\PerfilesController.php(53): CodeIgniter\Debug\Exceptions->errorHandler(2, 'Undefined array key "perfiles"', 'C:\\xampp\\htdocs\\nuevo_siprodet\\app\\Controllers\\PerfilesController.php', 53)
 2 SYSTEMPATH\CodeIgniter.php(933): App\Controllers\PerfilesController->GetPerfiles()
 3 SYSTEMPATH\CodeIgniter.php(509): CodeIgniter\CodeIgniter->runController(Object(App\Controllers\PerfilesController))
 4 SYSTEMPATH\CodeIgniter.php(355): CodeIgniter\CodeIgniter->handleRequest(null, Object(Config\Cache), false)
 5 SYSTEMPATH\Boot.php(312): CodeIgniter\CodeIgniter->run()
 6 SYSTEMPATH\Boot.php(67): CodeIgniter\Boot::runCodeIgniter(Object(CodeIgniter\CodeIgniter))
 7 FCPATH\index.php(56): CodeIgniter\Boot::bootWeb(Object(Config\Paths))
INFO - 2024-05-14 23:06:55 --> Session: Class initialized using 'CodeIgniter\Session\Handlers\FileHandler' driver.
CRITICAL - 2024-05-14 23:06:58 --> ErrorException: Undefined array key "perfiles"
[Method: GET, Route: Perfiles/GetPerfiles]
in APPPATH\Controllers\PerfilesController.php on line 53.
 1 APPPATH\Controllers\PerfilesController.php(53): CodeIgniter\Debug\Exceptions->errorHandler(2, 'Undefined array key "perfiles"', 'C:\\xampp\\htdocs\\nuevo_siprodet\\app\\Controllers\\PerfilesController.php', 53)
 2 SYSTEMPATH\CodeIgniter.php(933): App\Controllers\PerfilesController->GetPerfiles()
 3 SYSTEMPATH\CodeIgniter.php(509): CodeIgniter\CodeIgniter->runController(Object(App\Controllers\PerfilesController))
 4 SYSTEMPATH\CodeIgniter.php(355): CodeIgniter\CodeIgniter->handleRequest(null, Object(Config\Cache), false)
 5 SYSTEMPATH\Boot.php(312): CodeIgniter\CodeIgniter->run()
 6 SYSTEMPATH\Boot.php(67): CodeIgniter\Boot::runCodeIgniter(Object(CodeIgniter\CodeIgniter))
 7 FCPATH\index.php(56): CodeIgniter\Boot::bootWeb(Object(Config\Paths))
INFO - 2024-05-14 23:07:01 --> Session: Class initialized using 'CodeIgniter\Session\Handlers\FileHandler' driver.
INFO - 2024-05-14 23:07:07 --> Session: Class initialized using 'CodeIgniter\Session\Handlers\FileHandler' driver.
CRITICAL - 2024-05-14 23:07:10 --> ErrorException: Undefined array key "perfiles"
[Method: GET, Route: Perfiles/GetPerfiles]
in APPPATH\Controllers\PerfilesController.php on line 53.
 1 APPPATH\Controllers\PerfilesController.php(53): CodeIgniter\Debug\Exceptions->errorHandler(2, 'Undefined array key "perfiles"', 'C:\\xampp\\htdocs\\nuevo_siprodet\\app\\Controllers\\PerfilesController.php', 53)
 2 SYSTEMPATH\CodeIgniter.php(933): App\Controllers\PerfilesController->GetPerfiles()
 3 SYSTEMPATH\CodeIgniter.php(509): CodeIgniter\CodeIgniter->runController(Object(App\Controllers\PerfilesController))
 4 SYSTEMPATH\CodeIgniter.php(355): CodeIgniter\CodeIgniter->handleRequest(null, Object(Config\Cache), false)
 5 SYSTEMPATH\Boot.php(312): CodeIgniter\CodeIgniter->run()
 6 SYSTEMPATH\Boot.php(67): CodeIgniter\Boot::runCodeIgniter(Object(CodeIgniter\CodeIgniter))
 7 FCPATH\index.php(56): CodeIgniter\Boot::bootWeb(Object(Config\Paths))
INFO - 2024-05-14 23:23:14 --> Session: Class initialized using 'CodeIgniter\Session\Handlers\FileHandler' driver.
CRITICAL - 2024-05-14 23:23:18 --> ErrorException: Undefined array key "perfiles"
[Method: GET, Route: Perfiles/GetPerfiles]
in APPPATH\Controllers\PerfilesController.php on line 53.
 1 APPPATH\Controllers\PerfilesController.php(53): CodeIgniter\Debug\Exceptions->errorHandler(2, 'Undefined array key "perfiles"', 'C:\\xampp\\htdocs\\nuevo_siprodet\\app\\Controllers\\PerfilesController.php', 53)
 2 SYSTEMPATH\CodeIgniter.php(933): App\Controllers\PerfilesController->GetPerfiles()
 3 SYSTEMPATH\CodeIgniter.php(509): CodeIgniter\CodeIgniter->runController(Object(App\Controllers\PerfilesController))
 4 SYSTEMPATH\CodeIgniter.php(355): CodeIgniter\CodeIgniter->handleRequest(null, Object(Config\Cache), false)
 5 SYSTEMPATH\Boot.php(312): CodeIgniter\CodeIgniter->run()
 6 SYSTEMPATH\Boot.php(67): CodeIgniter\Boot::runCodeIgniter(Object(CodeIgniter\CodeIgniter))
 7 FCPATH\index.php(56): CodeIgniter\Boot::bootWeb(Object(Config\Paths))
INFO - 2024-05-14 23:23:20 --> Session: Class initialized using 'CodeIgniter\Session\Handlers\FileHandler' driver.
INFO - 2024-05-14 23:23:21 --> Session: Class initialized using 'CodeIgniter\Session\Handlers\FileHandler' driver.
INFO - 2024-05-14 23:23:21 --> Session: Class initialized using 'CodeIgniter\Session\Handlers\FileHandler' driver.
CRITICAL - 2024-05-14 23:23:24 --> ErrorException: Undefined array key "perfiles"
[Method: GET, Route: Perfiles/GetPerfiles]
in APPPATH\Controllers\PerfilesController.php on line 53.
 1 APPPATH\Controllers\PerfilesController.php(53): CodeIgniter\Debug\Exceptions->errorHandler(2, 'Undefined array key "perfiles"', 'C:\\xampp\\htdocs\\nuevo_siprodet\\app\\Controllers\\PerfilesController.php', 53)
 2 SYSTEMPATH\CodeIgniter.php(933): App\Controllers\PerfilesController->GetPerfiles()
 3 SYSTEMPATH\CodeIgniter.php(509): CodeIgniter\CodeIgniter->runController(Object(App\Controllers\PerfilesController))
 4 SYSTEMPATH\CodeIgniter.php(355): CodeIgniter\CodeIgniter->handleRequest(null, Object(Config\Cache), false)
 5 SYSTEMPATH\Boot.php(312): CodeIgniter\CodeIgniter->run()
 6 SYSTEMPATH\Boot.php(67): CodeIgniter\Boot::runCodeIgniter(Object(CodeIgniter\CodeIgniter))
 7 FCPATH\index.php(56): CodeIgniter\Boot::bootWeb(Object(Config\Paths))
INFO - 2024-05-14 23:31:43 --> Session: Class initialized using 'CodeIgniter\Session\Handlers\FileHandler' driver.
